Traceback (most recent call last):
  File "/opt/hostedtoolcache/Python/3.7.11/x64/lib/python3.7/site-packages/jupyter_cache/executors/utils.py", line 56, in single_nb_execution
    record_timing=False,
  File "/opt/hostedtoolcache/Python/3.7.11/x64/lib/python3.7/site-packages/nbclient/client.py", line 1117, in execute
    return NotebookClient(nb=nb, resources=resources, km=km, **kwargs).execute()
  File "/opt/hostedtoolcache/Python/3.7.11/x64/lib/python3.7/site-packages/nbclient/util.py", line 78, in wrapped
    return just_run(coro(*args, **kwargs))
  File "/opt/hostedtoolcache/Python/3.7.11/x64/lib/python3.7/site-packages/nbclient/util.py", line 57, in just_run
    return loop.run_until_complete(coro)
  File "/opt/hostedtoolcache/Python/3.7.11/x64/lib/python3.7/asyncio/base_events.py", line 587, in run_until_complete
    return future.result()
  File "/opt/hostedtoolcache/Python/3.7.11/x64/lib/python3.7/site-packages/nbclient/client.py", line 559, in async_execute
    cell, index, execution_count=self.code_cells_executed + 1
  File "/opt/hostedtoolcache/Python/3.7.11/x64/lib/python3.7/site-packages/nbclient/client.py", line 862, in async_execute_cell
    self._check_raise_for_error(cell, exec_reply)
  File "/opt/hostedtoolcache/Python/3.7.11/x64/lib/python3.7/site-packages/nbclient/client.py", line 765, in _check_raise_for_error
    raise CellExecutionError.from_cell_and_msg(cell, exec_reply_content)
nbclient.exceptions.CellExecutionError: An error occurred while executing the following cell:
------------------
tut= compaslab.LiveTutorial('stem_academy.ipynb')

for i,curb in enumerate(tut.block_list):
    print(' '.join([str(i),curb,'\n -']),'\n - '.join(list(tut.blocks[curb].keys())))
------------------

[0;31m---------------------------------------------------------------------------[0m
[0;31mJSONDecodeError[0m                           Traceback (most recent call last)
[0;32m/opt/hostedtoolcache/Python/3.7.11/x64/lib/python3.7/site-packages/nbformat/reader.py[0m in [0;36mparse_json[0;34m(s, **kwargs)[0m
[1;32m     13[0m     [0;32mtry[0m[0;34m:[0m[0;34m[0m[0;34m[0m[0m
[0;32m---> 14[0;31m         [0mnb_dict[0m [0;34m=[0m [0mjson[0m[0;34m.[0m[0mloads[0m[0;34m([0m[0ms[0m[0;34m,[0m [0;34m**[0m[0mkwargs[0m[0;34m)[0m[0;34m[0m[0;34m[0m[0m
[0m[1;32m     15[0m     [0;32mexcept[0m [0mValueError[0m [0;32mas[0m [0me[0m[0;34m:[0m[0;34m[0m[0;34m[0m[0m

[0;32m/opt/hostedtoolcache/Python/3.7.11/x64/lib/python3.7/json/__init__.py[0m in [0;36mloads[0;34m(s, encoding, cls, object_hook, parse_float, parse_int, parse_constant, object_pairs_hook, **kw)[0m
[1;32m    347[0m             parse_constant is None and object_pairs_hook is None and not kw):
[0;32m--> 348[0;31m         [0;32mreturn[0m [0m_default_decoder[0m[0;34m.[0m[0mdecode[0m[0;34m([0m[0ms[0m[0;34m)[0m[0;34m[0m[0;34m[0m[0m
[0m[1;32m    349[0m     [0;32mif[0m [0mcls[0m [0;32mis[0m [0;32mNone[0m[0;34m:[0m[0;34m[0m[0;34m[0m[0m

[0;32m/opt/hostedtoolcache/Python/3.7.11/x64/lib/python3.7/json/decoder.py[0m in [0;36mdecode[0;34m(self, s, _w)[0m
[1;32m    336[0m         """
[0;32m--> 337[0;31m         [0mobj[0m[0;34m,[0m [0mend[0m [0;34m=[0m [0mself[0m[0;34m.[0m[0mraw_decode[0m[0;34m([0m[0ms[0m[0;34m,[0m [0midx[0m[0;34m=[0m[0m_w[0m[0;34m([0m[0ms[0m[0;34m,[0m [0;36m0[0m[0;34m)[0m[0;34m.[0m[0mend[0m[0;34m([0m[0;34m)[0m[0;34m)[0m[0;34m[0m[0;34m[0m[0m
[0m[1;32m    338[0m         [0mend[0m [0;34m=[0m [0m_w[0m[0;34m([0m[0ms[0m[0;34m,[0m [0mend[0m[0;34m)[0m[0;34m.[0m[0mend[0m[0;34m([0m[0;34m)[0m[0;34m[0m[0;34m[0m[0m

[0;32m/opt/hostedtoolcache/Python/3.7.11/x64/lib/python3.7/json/decoder.py[0m in [0;36mraw_decode[0;34m(self, s, idx)[0m
[1;32m    352[0m         [0;32mtry[0m[0;34m:[0m[0;34m[0m[0;34m[0m[0m
[0;32m--> 353[0;31m             [0mobj[0m[0;34m,[0m [0mend[0m [0;34m=[0m [0mself[0m[0;34m.[0m[0mscan_once[0m[0;34m([0m[0ms[0m[0;34m,[0m [0midx[0m[0;34m)[0m[0;34m[0m[0;34m[0m[0m
[0m[1;32m    354[0m         [0;32mexcept[0m [0mStopIteration[0m [0;32mas[0m [0merr[0m[0;34m:[0m[0;34m[0m[0;34m[0m[0m

[0;31mJSONDecodeError[0m: Expecting property name enclosed in double quotes: line 76 column 1 (char 2769)

The above exception was the direct cause of the following exception:

[0;31mNotJSONError[0m                              Traceback (most recent call last)
[0;32m/tmp/ipykernel_1913/424764686.py[0m in [0;36m<module>[0;34m[0m
[0;32m----> 1[0;31m [0mtut[0m[0;34m=[0m [0mcompaslab[0m[0;34m.[0m[0mLiveTutorial[0m[0;34m([0m[0;34m'stem_academy.ipynb'[0m[0;34m)[0m[0;34m[0m[0;34m[0m[0m
[0m[1;32m      2[0m [0;34m[0m[0m
[1;32m      3[0m [0;32mfor[0m [0mi[0m[0;34m,[0m[0mcurb[0m [0;32min[0m [0menumerate[0m[0;34m([0m[0mtut[0m[0;34m.[0m[0mblock_list[0m[0;34m)[0m[0;34m:[0m[0;34m[0m[0;34m[0m[0m
[1;32m      4[0m     [0mprint[0m[0;34m([0m[0;34m' '[0m[0;34m.[0m[0mjoin[0m[0;34m([0m[0;34m[[0m[0mstr[0m[0;34m([0m[0mi[0m[0;34m)[0m[0;34m,[0m[0mcurb[0m[0;34m,[0m[0;34m'\n -'[0m[0;34m][0m[0;34m)[0m[0;34m,[0m[0;34m'\n - '[0m[0;34m.[0m[0mjoin[0m[0;34m([0m[0mlist[0m[0;34m([0m[0mtut[0m[0;34m.[0m[0mblocks[0m[0;34m[[0m[0mcurb[0m[0;34m][0m[0;34m.[0m[0mkeys[0m[0;34m([0m[0;34m)[0m[0;34m)[0m[0;34m)[0m[0;34m)[0m[0;34m[0m[0;34m[0m[0m

[0;32m/opt/hostedtoolcache/Python/3.7.11/x64/lib/python3.7/site-packages/compaslab/tutorial.py[0m in [0;36m__init__[0;34m(self, filename)[0m
[1;32m    120[0m [0;34m[0m[0m
[1;32m    121[0m     [0;32mdef[0m [0m__init__[0m[0;34m([0m[0mself[0m[0;34m,[0m[0mfilename[0m[0;34m)[0m[0;34m:[0m[0;34m[0m[0;34m[0m[0m
[0;32m--> 122[0;31m         [0msuper[0m[0;34m([0m[0;34m)[0m[0;34m.[0m[0m__init__[0m[0;34m([0m[0mfilename[0m[0;34m)[0m[0;34m[0m[0;34m[0m[0m
[0m[1;32m    123[0m         [0mblocks[0m [0;34m=[0m [0;34m{[0m[0;34m}[0m[0;34m[0m[0;34m[0m[0m
[1;32m    124[0m         [0;32mfor[0m [0mi[0m[0;34m,[0m[0mc[0m [0;32min[0m [0menumerate[0m[0;34m([0m[0mself[0m[0;34m.[0m[0mtutorial[0m[0;34m)[0m[0;34m:[0m[0;34m[0m[0;34m[0m[0m

[0;32m/opt/hostedtoolcache/Python/3.7.11/x64/lib/python3.7/site-packages/compaslab/tutorial.py[0m in [0;36m__init__[0;34m(self, filename)[0m
[1;32m     40[0m [0;34m[0m[0m
[1;32m     41[0m [0;34m[0m[0m
[0;32m---> 42[0;31m         [0mself[0m[0;34m.[0m[0mtutorial[0m [0;34m=[0m [0mtutorial_readers[0m[0;34m[[0m[0mfmt[0m[0;34m][0m[0;34m([0m[0mfilename[0m[0;34m)[0m[0;34m[0m[0;34m[0m[0m
[0m[1;32m     43[0m [0;34m[0m[0m
[1;32m     44[0m         [0mself[0m[0;34m.[0m[0mnext_cell[0m[0;34m=[0m [0;36m0[0m[0;34m[0m[0;34m[0m[0m

[0;32m/opt/hostedtoolcache/Python/3.7.11/x64/lib/python3.7/site-packages/compaslab/tutorial.py[0m in [0;36m<lambda>[0;34m(fn)[0m
[1;32m     11[0m [0;34m[0m[0m
[1;32m     12[0m [0;34m[0m[0m
[0;32m---> 13[0;31m tutorial_readers = {'ipynb': lambda fn : nbformat.read(fn, as_version =4).cells,
[0m[1;32m     14[0m                     'md': lambda fn: jupytext.read(fn)['cells']}
[1;32m     15[0m [0;34m[0m[0m

[0;32m/opt/hostedtoolcache/Python/3.7.11/x64/lib/python3.7/site-packages/nbformat/__init__.py[0m in [0;36mread[0;34m(fp, as_version, **kwargs)[0m
[1;32m    141[0m             [0;32mreturn[0m [0mreads[0m[0;34m([0m[0mf[0m[0;34m.[0m[0mread[0m[0;34m([0m[0;34m)[0m[0;34m,[0m [0mas_version[0m[0;34m,[0m [0;34m**[0m[0mkwargs[0m[0;34m)[0m[0;34m[0m[0;34m[0m[0m
[1;32m    142[0m [0;34m[0m[0m
[0;32m--> 143[0;31m     [0;32mreturn[0m [0mreads[0m[0;34m([0m[0mbuf[0m[0;34m,[0m [0mas_version[0m[0;34m,[0m [0;34m**[0m[0mkwargs[0m[0;34m)[0m[0;34m[0m[0;34m[0m[0m
[0m[1;32m    144[0m [0;34m[0m[0m
[1;32m    145[0m [0;34m[0m[0m

[0;32m/opt/hostedtoolcache/Python/3.7.11/x64/lib/python3.7/site-packages/nbformat/__init__.py[0m in [0;36mreads[0;34m(s, as_version, **kwargs)[0m
[1;32m     71[0m         [0mThe[0m [0mnotebook[0m [0mthat[0m [0mwas[0m [0mread[0m[0;34m.[0m[0;34m[0m[0;34m[0m[0m
[1;32m     72[0m     """
[0;32m---> 73[0;31m     [0mnb[0m [0;34m=[0m [0mreader[0m[0;34m.[0m[0mreads[0m[0;34m([0m[0ms[0m[0;34m,[0m [0;34m**[0m[0mkwargs[0m[0;34m)[0m[0;34m[0m[0;34m[0m[0m
[0m[1;32m     74[0m     [0;32mif[0m [0mas_version[0m [0;32mis[0m [0;32mnot[0m [0mNO_CONVERT[0m[0;34m:[0m[0;34m[0m[0;34m[0m[0m
[1;32m     75[0m         [0mnb[0m [0;34m=[0m [0mconvert[0m[0;34m([0m[0mnb[0m[0;34m,[0m [0mas_version[0m[0;34m)[0m[0;34m[0m[0;34m[0m[0m

[0;32m/opt/hostedtoolcache/Python/3.7.11/x64/lib/python3.7/site-packages/nbformat/reader.py[0m in [0;36mreads[0;34m(s, **kwargs)[0m
[1;32m     56[0m     [0;32mfrom[0m [0;34m.[0m [0;32mimport[0m [0mversions[0m[0;34m,[0m [0mNBFormatError[0m[0;34m[0m[0;34m[0m[0m
[1;32m     57[0m [0;34m[0m[0m
[0;32m---> 58[0;31m     [0mnb_dict[0m [0;34m=[0m [0mparse_json[0m[0;34m([0m[0ms[0m[0;34m,[0m [0;34m**[0m[0mkwargs[0m[0;34m)[0m[0;34m[0m[0;34m[0m[0m
[0m[1;32m     59[0m     [0;34m([0m[0mmajor[0m[0;34m,[0m [0mminor[0m[0;34m)[0m [0;34m=[0m [0mget_version[0m[0;34m([0m[0mnb_dict[0m[0;34m)[0m[0;34m[0m[0;34m[0m[0m
[1;32m     60[0m     [0;32mif[0m [0mmajor[0m [0;32min[0m [0mversions[0m[0;34m:[0m[0;34m[0m[0;34m[0m[0m

[0;32m/opt/hostedtoolcache/Python/3.7.11/x64/lib/python3.7/site-packages/nbformat/reader.py[0m in [0;36mparse_json[0;34m(s, **kwargs)[0m
[1;32m     15[0m     [0;32mexcept[0m [0mValueError[0m [0;32mas[0m [0me[0m[0;34m:[0m[0;34m[0m[0;34m[0m[0m
[1;32m     16[0m         [0;31m# Limit the error message to 80 characters.  Display whatever JSON will fit.[0m[0;34m[0m[0;34m[0m[0;34m[0m[0m
[0;32m---> 17[0;31m         [0;32mraise[0m [0mNotJSONError[0m[0;34m([0m[0;34m([0m[0;34m"Notebook does not appear to be JSON: %r"[0m [0;34m%[0m [0ms[0m[0;34m)[0m[0;34m[[0m[0;34m:[0m[0;36m77[0m[0;34m][0m [0;34m+[0m [0;34m"..."[0m[0;34m)[0m [0;32mfrom[0m [0me[0m[0;34m[0m[0;34m[0m[0m
[0m[1;32m     18[0m     [0;32mreturn[0m [0mnb_dict[0m[0;34m[0m[0;34m[0m[0m
[1;32m     19[0m [0;34m[0m[0m

[0;31mNotJSONError[0m: Notebook does not appear to be JSON: b'{\n "cells": [\n  {\n   "cell_type": "...
NotJSONError: Notebook does not appear to be JSON: b'{\n "cells": [\n  {\n   "cell_type": "...

